Added Parameter Manufacturer=AVX to Part C?
Added Parameter Manufacturer=FAIRCHILD SEMICONDUCTOR to Part D?
Added Parameter Manufacturer=KEMET to Part C?
Added Parameter Manufacturer=KEMET to Part C?
Added Parameter Manufacturer=KEMET to Part C?
Added Parameter Manufacturer=MULTICOMP to Part C?
Added Parameter Manufacturer=MULTICOMP to Part C?
Added Parameter Manufacturer=MURATA to Part C?
Added Parameter Manufacturer=MURATA to Part C?
Added Parameter Manufacturer=MURATA to Part C?
Added Parameter Manufacturer=OHMITE to Part R?
Added Parameter Manufacturer=ON SEMICONDUCTOR to Part Q?
Added Parameter Manufacturer=PANASONIC to Part R?
Added Parameter Manufacturer=SCHURTER to Part F?
Added Parameter Manufacturer=Silicon Labs to Part U?
Added Parameter Manufacturer=Texas Instruments to Part U?
Added Parameter Manufacturer=Texas Instruments to Part U?
Added Parameter Manufacturer=TEXAS INSTRUMENTS to Part U?
Added Parameter Manufacturer= to Part R?
Added Parameter Manufacturer=TXC to Part X?
Added Parameter Manufacturer=VISHAY DRALORIC to Part R?
Added Parameter Manufacturer=VISHAY DRALORIC to Part R?
Added Parameter Manufacturer=VISHAY DRALORIC to Part R?
Added Parameter Manufacturer=VISHAY DRALORIC to Part R?
Added Parameter Manufacturer=VISHAY DRALORIC to Part R?
Added Parameter Manufacturer=VISHAY DRALORIC to Part R?
Added Parameter Manufacturer=VISHAY DRALORIC to Part R?
Added Parameter Manufacturer=VISHAY DRALORIC to Part R?
Added Parameter Manufacturer=VISHAY DRALORIC to Part R?
Added Parameter Manufacturer=VISHAY DRALORIC to Part R?
Added Parameter Manufacturer=VISHAY DRALORIC to Part R?
Added Parameter Manufacturer=VISHAY DRALORIC to Part R?
Added Parameter Manufacturer=VISHAY DRALORIC to Part R?
Added Parameter Manufacturer=VISHAY DRALORIC to Part R?
Added Parameter Manufacturer=VISHAY DRALORIC to Part R?
Added Parameter Manufacturer=VISHAY DRALORIC to Part R?
Added Parameter Manufacturer=Wurth to Part LED?
Added Parameter Manufacturer=Wurth to Part LED?
Added Parameter Manufacturer=Wurth to Part L?
Added Parameter Manufacturer Part Number=7M-16.000MAAJ-T to Part X?
Added Parameter Manufacturer Part Number=0031.8201 to Part F?
Added Parameter Manufacturer Part Number=12061C105K4Z2A to Part C?
Added Parameter Manufacturer Part Number=156120GS75300 to Part LED?
Added Parameter Manufacturer Part Number=156120RS75300 to Part LED?
Added Parameter Manufacturer Part Number=744043151 to Part L?
Added Parameter Manufacturer Part Number=C0603C102K5RACTU to Part C?
Added Parameter Manufacturer Part Number=C0603C103K5RACTU to Part C?
Added Parameter Manufacturer Part Number=C0805C104K1RACTU to Part C?
Added Parameter Manufacturer Part Number=CP2104-F03-GM to Part U?
Added Parameter Manufacturer Part Number=CRCW06031K00FKEA to Part R?
Added Parameter Manufacturer Part Number=CRCW060310K0FKEA to Part R?
Added Parameter Manufacturer Part Number=CRCW060312K0FKEA to Part R?
Added Parameter Manufacturer Part Number=CRCW060320K0FKEA to Part R?
Added Parameter Manufacturer Part Number=CRCW0603100KFKEA to Part R?
Added Parameter Manufacturer Part Number=CRCW0603100RFKEA to Part R?
Added Parameter Manufacturer Part Number=CRCW0603120KFKEA to Part R?
Added Parameter Manufacturer Part Number=CRCW0603130KFKEA to Part R?
Added Parameter Manufacturer Part Number=CRCW0603180KFKEA to Part R?
Added Parameter Manufacturer Part Number=CRCW0603200KFKEA to Part R?
Added Parameter Manufacturer Part Number=CRCW0603200KFKEA to Part R?
Added Parameter Manufacturer Part Number=CRCW0603330RFKEA to Part R?
Added Parameter Manufacturer Part Number=CRCW0603470KFKEA to Part R?
Added Parameter Manufacturer Part Number=CRCW0603470RFKEA to Part R?
Added Parameter Manufacturer Part Number=CRCW0603750KFKEA to Part R?
Added Parameter Manufacturer Part Number=CRCW06030000Z0EA to Part R?
Added Parameter Manufacturer Part Number=ERJ3GEYJ2R0V to Part R?
Added Parameter Manufacturer Part Number=FC4L64R005FER to Part R?
Added Parameter Manufacturer Part Number=GRM21BR71A106KE51L to Part C?
Added Parameter Manufacturer Part Number=GRM21BR71C475KA73L to Part C?
Added Parameter Manufacturer Part Number=GRM188R61C225KE15D to Part C?
Added Parameter Manufacturer Part Number=HMHA2801 to Part D?
Added Parameter Manufacturer Part Number=LM5165XDRCT to Part U?
Added Parameter Manufacturer Part Number=LM5165YDRCT to Part U?
Added Parameter Manufacturer Part Number=LP2985AIM5-3.3/NOPB to Part U?
Added Parameter Manufacturer Part Number=MCCA000194 to Part C?
Added Parameter Manufacturer Part Number=MCCA000255 to Part C?
Added Parameter Manufacturer Part Number=MMBT5401LT1G to Part Q?
