Change Component Parameter Library Name in C41 Old=AR_Capacitors_Ceramic.IntLib New=Reboostv2.SCHLIB
Change Component Parameter Library Name in C42 Old=AR_Capacitors_Ceramic.IntLib New=Reboostv2.SCHLIB
Change Component Parameter Library Name in C45 Old=AR_Capacitors_Ceramic.IntLib New=Reboostv2.SCHLIB
Change Component Parameter Library Name in C48 Old=AR_Capacitors_Ceramic.IntLib New=Reboostv2.SCHLIB
Change Component Parameter Library Name in C49 Old=AR_Capacitors_Ceramic.IntLib New=Reboostv2.SCHLIB
Change Component Parameter Library Name in C50 Old=AR_Capacitors_Ceramic.IntLib New=Reboostv2.SCHLIB
Change Component Parameter Library Name in C51 Old=AR_Capacitors_Ceramic.IntLib New=Reboostv2.SCHLIB
Change Component Parameter Library Name in C52 Old=AR_Capacitors_Ceramic.IntLib New=Reboostv2.SCHLIB
Change Component Parameter Library Name in C53 Old=AR_Capacitors_Ceramic.IntLib New=Reboostv2.SCHLIB
Change Component Parameter Library Name in C54 Old=AR_Capacitors_Ceramic.IntLib New=Reboostv2.SCHLIB
Change Component Parameter Library Name in C55 Old=AR_Capacitors_Ceramic.IntLib New=Reboostv2.SCHLIB
Change Component Parameter Library Name in C56 Old=AR_Capacitors_Ceramic.IntLib New=Reboostv2.SCHLIB
Change Component Parameter Library Name in C57 Old=AR_Capacitors_Ceramic.IntLib New=Reboostv2.SCHLIB
Change Component Parameter Library Name in C65 Old=AR_Capacitors_Ceramic.IntLib New=Reboostv2.SCHLIB
Change Component Parameter Library Name in C66 Old=AR_Capacitors_Ceramic.IntLib New=Reboostv2.SCHLIB
Change Component Parameter Library Name in C67 Old=AR_Capacitors_Ceramic.IntLib New=Reboostv2.SCHLIB
Change Component Parameter Library Name in D5 Old=AR_Diodes.IntLib New=Reboostv2.SCHLIB
Change Component Parameter Library Name in D6 Old=AR_Diodes.IntLib New=Reboostv2.SCHLIB
Change Component Parameter Library Name in D7 Old=AR_Diodes.IntLib New=Reboostv2.SCHLIB
Change Component Parameter Library Name in L4 Old=AR_Inductors.IntLib New=Reboostv2.SCHLIB
Change Component Parameter Library Name in L5 Old=AR_Inductors.IntLib New=Reboostv2.SCHLIB
Change Component Parameter Library Name in Q3 Old=AR_Transistors.IntLib New=Reboostv2.SCHLIB
Change Component Parameter Library Name in R25 Old=AR_Resistors_SMD.IntLib New=Reboostv2.SCHLIB
Change Component Parameter Library Name in R26 Old=AR_Resistors_SMD.IntLib New=Reboostv2.SCHLIB
Change Component Parameter Library Name in R32 Old=AR_Resistors_SMD.IntLib New=Reboostv2.SCHLIB
Change Component Parameter Library Name in R33 Old=AR_Resistors_SMD.IntLib New=Reboostv2.SCHLIB
Change Component Parameter Library Name in R34 Old=AR_Resistors_SMD.IntLib New=Reboostv2.SCHLIB
Change Component Parameter Library Name in R35 Old=AR_Resistors_SMD.IntLib New=Reboostv2.SCHLIB
Change Component Parameter Library Name in R36 Old=AR_Resistors_SMD.IntLib New=Reboostv2.SCHLIB
Change Component Parameter Library Name in R37 Old=AR_Resistors_SMD.IntLib New=Reboostv2.SCHLIB
Change Component Parameter Library Name in R38 Old=AR_Resistors_SMD.IntLib New=Reboostv2.SCHLIB
Change Component Parameter Library Name in R40 Old=AR_Resistors_SMD.IntLib New=Reboostv2.SCHLIB
Change Component Parameter Library Name in R42 Old=AR_Resistors_SMD.IntLib New=Reboostv2.SCHLIB
Change Component Parameter Library Name in R44 Old=AR_Resistors_SMD.IntLib New=Reboostv2.SCHLIB
Change Component Parameter Library Name in R45 Old=AR_Resistors_SMD.IntLib New=Reboostv2.SCHLIB
Change Component Parameter Library Name in R47 Old=AR_Resistors_SMD.IntLib New=Reboostv2.SCHLIB
Change Component Parameter Library Name in R48 Old=AR_Resistors_SMD.IntLib New=Reboostv2.SCHLIB
Change Component Parameter Library Name in R53 Old=AR_Resistors_SMD.IntLib New=Reboostv2.SCHLIB
Change Component Parameter Library Name in U8 Old=AR_Vreg.IntLib New=Reboostv2.SCHLIB
Change Component Parameter Library Name in U9 Old=AR_Vreg.IntLib New=Reboostv2.SCHLIB
Change Component Parameter Library Name in U10 Old=AR_Vreg.IntLib New=Reboostv2.SCHLIB
Change Component Parameter Library Name in U11 Old=AR_Vreg.IntLib New=Reboostv2.SCHLIB
