Change Value of Parameter Manufacturer in Part R? Old= New=PANASONIC
Change Value of Parameter Order Code Supplier in Part R? Old= New=ERA3AEB473V
Change Value of Parameter Manufacturer in Part LED? Old=Wurth New=Wurth Elektronik
Change Value of Parameter Manufacturer in Part LED? Old=Wurth New=Wurth Elektronik
Change Value of Parameter Manufacturer in Part L? Old=Wurth New=Wurth Elektronik
Change Value of Parameter Manufacturer in Part J? Old=- New=Tag-Connect LLC
Change Value of Parameter Manufacturer in Part J? Old=WURTH ELEKTRONIK New=Wurth Elektronik
Added Parameter Manufacturer=Analog Devices Inc. to Part U?
Added Parameter Manufacturer=Analog Devices Inc. to Part U?
Added Parameter Manufacturer=GaN Systems to Part Q?
Added Parameter Manufacturer=Nexperia to Part U?
Added Parameter Manufacturer=TE Connectivity to Part J?
Added Parameter Manufacturer=Texas Instruments to Part U?
Added Parameter Manufacturer=United Chemi-Con to Part C?
Added Parameter Manufacturer=Wurth Elektronik to Part S?
Added Parameter Manufacturer=Wurth Elektronik to Part S?
Added Parameter Manufacturer Part Number=74LVC2G08DP,125 to Part U?
Added Parameter Manufacturer Part Number=1804810 to Part J?
Added Parameter Manufacturer Part Number=418127270902 to Part S?
Added Parameter Manufacturer Part Number=428527320916 to Part S?
Added Parameter Manufacturer Part Number=651005136421 to Part J?
Added Parameter Manufacturer Part Number=ASL206-05SD-HE to Part J?
Added Parameter Manufacturer Part Number=EKYB101ELL101MJ20S to Part C?
Added Parameter Manufacturer Part Number= ERA3AEB473V to Part R?
Added Parameter Manufacturer Part Number=GS61008T to Part Q?
Added Parameter Manufacturer Part Number=ISO1044BD to Part U?
Added Parameter Manufacturer Part Number=LTC3639EMSE#PBF to Part U?
Added Parameter Manufacturer Part Number=LTC6362HMS8#PBF to Part U?
Added Parameter Manufacturer Part Number=MMSD701T1G to Part D?
Added Parameter Manufacturer Part Number=NTCS0805E4104JMT to Part R?
Added Parameter Manufacturer Part Number=SI8273AB-IM1 to Part U?
Added Parameter Manufacturer Part Number=SMAJ58A to Part D?
Added Parameter Manufacturer Part Number=SP0502BAHTG to Part D?
Added Parameter Manufacturer Part Number=SS110L R3 to Part D?
Added Parameter Manufacturer Part Number=STM32G474CEU6 to Part U?
Added Parameter Manufacturer Part Number=TC2030-IDC-ND to Part J?
Added Parameter Manufacturer Part Number=TPS7A2501DRVT to Part U?
Added Parameter Order Code Supplier=STM32G474CEU6 to Part U?
