Replace Part C41 10uF/0805/CER/10V in \\Mac\Home\Documents\GitHub\ReboostV2-Hardware\ReboostV2_Power.SchDoc with 10uF/0805/CER/10V from Reboostv2.SCHLIB
Replace Part C42 100nF/0603/CER/50V in \\Mac\Home\Documents\GitHub\ReboostV2-Hardware\ReboostV2_Power.SchDoc with 100nF/0603/CER/50V from Reboostv2.SCHLIB
Replace Part C45 100nF/0603/CER/50V in \\Mac\Home\Documents\GitHub\ReboostV2-Hardware\ReboostV2_Power.SchDoc with 100nF/0603/CER/50V from Reboostv2.SCHLIB
Replace Part C48 4.7uF/0805/CER/16V in \\Mac\Home\Documents\GitHub\ReboostV2-Hardware\ReboostV2_Power.SchDoc with 4.7uF/0805/CER/16V from Reboostv2.SCHLIB
Replace Part C49 4.7uF/0805/CER/16V in \\Mac\Home\Documents\GitHub\ReboostV2-Hardware\ReboostV2_Power.SchDoc with 4.7uF/0805/CER/16V from Reboostv2.SCHLIB
Replace Part C50 4.7uF/0805/CER/16V in \\Mac\Home\Documents\GitHub\ReboostV2-Hardware\ReboostV2_Power.SchDoc with 4.7uF/0805/CER/16V from Reboostv2.SCHLIB
Replace Part C51 100nF/0603/CER/50V in \\Mac\Home\Documents\GitHub\ReboostV2-Hardware\ReboostV2_Power.SchDoc with 100nF/0603/CER/50V from Reboostv2.SCHLIB
Replace Part C52 2.2uF/0603/CER/16V in \\Mac\Home\Documents\GitHub\ReboostV2-Hardware\ReboostV2_Power.SchDoc with 2.2uF/0603/CER/16V from Reboostv2.SCHLIB
Replace Part C53 10uF/0805/CER/10V in \\Mac\Home\Documents\GitHub\ReboostV2-Hardware\ReboostV2_Power.SchDoc with 10uF/0805/CER/10V from Reboostv2.SCHLIB
Replace Part C54 100nF/0603/CER/50V in \\Mac\Home\Documents\GitHub\ReboostV2-Hardware\ReboostV2_Power.SchDoc with 100nF/0603/CER/50V from Reboostv2.SCHLIB
Replace Part C55 10nF/0603/CER/50V in \\Mac\Home\Documents\GitHub\ReboostV2-Hardware\ReboostV2_Power.SchDoc with 10nF/0603/CER/50V from Reboostv2.SCHLIB
Replace Part C56 2.2uF/0603/CER/16V in \\Mac\Home\Documents\GitHub\ReboostV2-Hardware\ReboostV2_Power.SchDoc with 2.2uF/0603/CER/16V from Reboostv2.SCHLIB
Replace Part C57 10nF/0603/CER/50V in \\Mac\Home\Documents\GitHub\ReboostV2-Hardware\ReboostV2_Power.SchDoc with 10nF/0603/CER/50V from Reboostv2.SCHLIB
Replace Part C64 1uF/1206/CER/100V in \\Mac\Home\Documents\GitHub\ReboostV2-Hardware\ReboostV2_Power.SchDoc with 1uF/1206/CER/100V from Reboostv2.SCHLIB
Replace Part C65 10uF/0805/CER/10V in \\Mac\Home\Documents\GitHub\ReboostV2-Hardware\ReboostV2_Power.SchDoc with 10uF/0805/CER/10V from Reboostv2.SCHLIB
Replace Part C66 10uF/0805/CER/10V in \\Mac\Home\Documents\GitHub\ReboostV2-Hardware\ReboostV2_Power.SchDoc with 10uF/0805/CER/10V from Reboostv2.SCHLIB
Replace Part C67 2.2uF/0603/CER/16V in \\Mac\Home\Documents\GitHub\ReboostV2-Hardware\ReboostV2_Power.SchDoc with 2.2uF/0603/CER/16V from Reboostv2.SCHLIB
Replace Part D5 MMSD701T1G in \\Mac\Home\Documents\GitHub\ReboostV2-Hardware\ReboostV2_Power.SchDoc with MMSD701T1G from Reboostv2.SCHLIB
Replace Part D6 MMSD701T1G in \\Mac\Home\Documents\GitHub\ReboostV2-Hardware\ReboostV2_Power.SchDoc with MMSD701T1G from Reboostv2.SCHLIB
Replace Part D7 MMSD701T1G in \\Mac\Home\Documents\GitHub\ReboostV2-Hardware\ReboostV2_Power.SchDoc with MMSD701T1G from Reboostv2.SCHLIB
Replace Part L4 744043151 in \\Mac\Home\Documents\GitHub\ReboostV2-Hardware\ReboostV2_Power.SchDoc with 744043151 from Reboostv2.SCHLIB
Replace Part L5 744043151 in \\Mac\Home\Documents\GitHub\ReboostV2-Hardware\ReboostV2_Power.SchDoc with 744043151 from Reboostv2.SCHLIB
Replace Part Q3 MMBT5401LT1G in \\Mac\Home\Documents\GitHub\ReboostV2-Hardware\ReboostV2_Power.SchDoc with MMBT5401LT1G from Reboostv2.SCHLIB
Replace Part R25 750K/0603/0063W/50V in \\Mac\Home\Documents\GitHub\ReboostV2-Hardware\ReboostV2_Power.SchDoc with 750K/0603/0063W/50V from Reboostv2.SCHLIB
Replace Part R26 470K/0603/0063W/50V in \\Mac\Home\Documents\GitHub\ReboostV2-Hardware\ReboostV2_Power.SchDoc with 470K/0603/0063W/50V from Reboostv2.SCHLIB
Replace Part R32 10K/0603/0063W/50V in \\Mac\Home\Documents\GitHub\ReboostV2-Hardware\ReboostV2_Power.SchDoc with 10K/0603/0063W/50V from Reboostv2.SCHLIB
Replace Part R33 130K/0603/0063W/50V in \\Mac\Home\Documents\GitHub\ReboostV2-Hardware\ReboostV2_Power.SchDoc with 130K/0603/0063W/50V from Reboostv2.SCHLIB
Replace Part R34 750K/0603/0063W/50V in \\Mac\Home\Documents\GitHub\ReboostV2-Hardware\ReboostV2_Power.SchDoc with 750K/0603/0063W/50V from Reboostv2.SCHLIB
Replace Part R35 47K/0603/0063W/50V_1 in \\Mac\Home\Documents\GitHub\ReboostV2-Hardware\ReboostV2_Power.SchDoc with 47K/0603/0063W/50V_1 from Reboostv2.SCHLIB
Replace Part R36 10K/0603/0063W/50V in \\Mac\Home\Documents\GitHub\ReboostV2-Hardware\ReboostV2_Power.SchDoc with 10K/0603/0063W/50V from Reboostv2.SCHLIB
Replace Part R37 200K/0603/0063W/50V in \\Mac\Home\Documents\GitHub\ReboostV2-Hardware\ReboostV2_Power.SchDoc with 200K/0603/0063W/50V from Reboostv2.SCHLIB
Replace Part R38 200K/0603/0063W/50V in \\Mac\Home\Documents\GitHub\ReboostV2-Hardware\ReboostV2_Power.SchDoc with 200K/0603/0063W/50V from Reboostv2.SCHLIB
Replace Part R40 200K/0603/0100W/75V in \\Mac\Home\Documents\GitHub\ReboostV2-Hardware\ReboostV2_Power.SchDoc with 200K/0603/0100W/75V from Reboostv2.SCHLIB
Replace Part R42 10K/0603/0063W/50V in \\Mac\Home\Documents\GitHub\ReboostV2-Hardware\ReboostV2_Power.SchDoc with 10K/0603/0063W/50V from Reboostv2.SCHLIB
Replace Part R44 10K/0603/0063W/50V in \\Mac\Home\Documents\GitHub\ReboostV2-Hardware\ReboostV2_Power.SchDoc with 10K/0603/0063W/50V from Reboostv2.SCHLIB
Replace Part R45 10K/0603/0063W/50V in \\Mac\Home\Documents\GitHub\ReboostV2-Hardware\ReboostV2_Power.SchDoc with 10K/0603/0063W/50V from Reboostv2.SCHLIB
Replace Part R47 47K/0603/0063W/50V_1 in \\Mac\Home\Documents\GitHub\ReboostV2-Hardware\ReboostV2_Power.SchDoc with 47K/0603/0063W/50V_1 from Reboostv2.SCHLIB
Replace Part R48 12K/0603/0063W/50V in \\Mac\Home\Documents\GitHub\ReboostV2-Hardware\ReboostV2_Power.SchDoc with 12K/0603/0063W/50V from Reboostv2.SCHLIB
Replace Part R53 200K/0603/0063W/50V in \\Mac\Home\Documents\GitHub\ReboostV2-Hardware\ReboostV2_Power.SchDoc with 200K/0603/0063W/50V from Reboostv2.SCHLIB
Replace Part U8 LTC3639EMSE in \\Mac\Home\Documents\GitHub\ReboostV2-Hardware\ReboostV2_Power.SchDoc with LTC3639EMSE from Reboostv2.SCHLIB
Replace Part U9 LM5165Y in \\Mac\Home\Documents\GitHub\ReboostV2-Hardware\ReboostV2_Power.SchDoc with LM5165Y from Reboostv2.SCHLIB
Replace Part U10 LP2985AIM5-3.3 in \\Mac\Home\Documents\GitHub\ReboostV2-Hardware\ReboostV2_Power.SchDoc with LP2985AIM5-3.3 from Reboostv2.SCHLIB
Replace Part U11 TPS7A2501DRVT in \\Mac\Home\Documents\GitHub\ReboostV2-Hardware\ReboostV2_Power.SchDoc with TPS7A2501DRVT from Reboostv2.SCHLIB
