Replace Part C27 100nF/0805/CER/100V in \\Mac\Home\Documents\GitHub\ReboostV2-Hardware\ReboostV2_Bridge.SchDoc with 100nF/0805/CER/100V from Reboostv2.SCHLIB
Replace Part C29 100nF/0805/CER/100V in \\Mac\Home\Documents\GitHub\ReboostV2-Hardware\ReboostV2_Bridge.SchDoc with 100nF/0805/CER/100V from Reboostv2.SCHLIB
Replace Part C30 2.2uF/0603/CER/16V in \\Mac\Home\Documents\GitHub\ReboostV2-Hardware\ReboostV2_Bridge.SchDoc with 2.2uF/0603/CER/16V from Reboostv2.SCHLIB
Replace Part C32 1uF/1206/CER/100V in \\Mac\Home\Documents\GitHub\ReboostV2-Hardware\ReboostV2_Bridge.SchDoc with 1uF/1206/CER/100V from Reboostv2.SCHLIB
Replace Part C33 1uF/1206/CER/100V in \\Mac\Home\Documents\GitHub\ReboostV2-Hardware\ReboostV2_Bridge.SchDoc with 1uF/1206/CER/100V from Reboostv2.SCHLIB
Replace Part C36 1uF/1206/CER/100V in \\Mac\Home\Documents\GitHub\ReboostV2-Hardware\ReboostV2_Bridge.SchDoc with 1uF/1206/CER/100V from Reboostv2.SCHLIB
Replace Part C37 1uF/1206/CER/100V in \\Mac\Home\Documents\GitHub\ReboostV2-Hardware\ReboostV2_Bridge.SchDoc with 1uF/1206/CER/100V from Reboostv2.SCHLIB
Replace Part C38 1uF/1206/CER/100V in \\Mac\Home\Documents\GitHub\ReboostV2-Hardware\ReboostV2_Bridge.SchDoc with 1uF/1206/CER/100V from Reboostv2.SCHLIB
Replace Part C40 2.2uF/0603/CER/16V in \\Mac\Home\Documents\GitHub\ReboostV2-Hardware\ReboostV2_Bridge.SchDoc with 2.2uF/0603/CER/16V from Reboostv2.SCHLIB
Replace Part C59 100nF/0603/CER/50V in \\Mac\Home\Documents\GitHub\ReboostV2-Hardware\ReboostV2_Bridge.SchDoc with 100nF/0603/CER/50V from Reboostv2.SCHLIB
Replace Part C60 100nF/0603/CER/50V in \\Mac\Home\Documents\GitHub\ReboostV2-Hardware\ReboostV2_Bridge.SchDoc with 100nF/0603/CER/50V from Reboostv2.SCHLIB
Replace Part C61 100nF/0603/CER/50V in \\Mac\Home\Documents\GitHub\ReboostV2-Hardware\ReboostV2_Bridge.SchDoc with 100nF/0603/CER/50V from Reboostv2.SCHLIB
Replace Part D2 SS110L in \\Mac\Home\Documents\GitHub\ReboostV2-Hardware\ReboostV2_Bridge.SchDoc with SS110L from Reboostv2.SCHLIB
Replace Part D3 SS110L in \\Mac\Home\Documents\GitHub\ReboostV2-Hardware\ReboostV2_Bridge.SchDoc with SS110L from Reboostv2.SCHLIB
Replace Part MP1 9774020151 in \\Mac\Home\Documents\GitHub\ReboostV2-Hardware\ReboostV2_Bridge.SchDoc with 9774020151 from Reboostv2.SCHLIB
Replace Part MP2 9774020151 in \\Mac\Home\Documents\GitHub\ReboostV2-Hardware\ReboostV2_Bridge.SchDoc with 9774020151 from Reboostv2.SCHLIB
Replace Part Q1 GS61008T in \\Mac\Home\Documents\GitHub\ReboostV2-Hardware\ReboostV2_Bridge.SchDoc with GS61008T from Reboostv2.SCHLIB
Replace Part Q2 GS61008T in \\Mac\Home\Documents\GitHub\ReboostV2-Hardware\ReboostV2_Bridge.SchDoc with GS61008T from Reboostv2.SCHLIB
Replace Part R22 2/0603/0100W/75V in \\Mac\Home\Documents\GitHub\ReboostV2-Hardware\ReboostV2_Bridge.SchDoc with 2/0603/0100W/75V from Reboostv2.SCHLIB
Replace Part R24 10K/0603/0063W/50V in \\Mac\Home\Documents\GitHub\ReboostV2-Hardware\ReboostV2_Bridge.SchDoc with 10K/0603/0063W/50V from Reboostv2.SCHLIB
Replace Part R27 2/0603/0100W/75V in \\Mac\Home\Documents\GitHub\ReboostV2-Hardware\ReboostV2_Bridge.SchDoc with 2/0603/0100W/75V from Reboostv2.SCHLIB
Replace Part R50 10K/0603/0063W/50V in \\Mac\Home\Documents\GitHub\ReboostV2-Hardware\ReboostV2_Bridge.SchDoc with 10K/0603/0063W/50V from Reboostv2.SCHLIB
Replace Part U5 Si8273ABIM1 in \\Mac\Home\Documents\GitHub\ReboostV2-Hardware\ReboostV2_Bridge.SchDoc with Si8273ABIM1 from Reboostv2.SCHLIB
