Replace Part C31 100nF/0603/CER/50V in \\Mac\Home\Documents\GitHub\ReboostV2-Hardware\ReboostV2_CAN.SchDoc with 100nF/0603/CER/50V from Reboostv2.SCHLIB
Replace Part C39 100nF/0603/CER/50V in \\Mac\Home\Documents\GitHub\ReboostV2-Hardware\ReboostV2_CAN.SchDoc with 100nF/0603/CER/50V from Reboostv2.SCHLIB
Replace Part C43 100nF/0805/CER/100V in \\Mac\Home\Documents\GitHub\ReboostV2-Hardware\ReboostV2_CAN.SchDoc with 100nF/0805/CER/100V from Reboostv2.SCHLIB
Replace Part C44 1uF/1206/CER/100V in \\Mac\Home\Documents\GitHub\ReboostV2-Hardware\ReboostV2_CAN.SchDoc with 1uF/1206/CER/100V from Reboostv2.SCHLIB
Replace Part C46 10uF/0805/CER/10V in \\Mac\Home\Documents\GitHub\ReboostV2-Hardware\ReboostV2_CAN.SchDoc with 10uF/0805/CER/10V from Reboostv2.SCHLIB
Replace Part C47 10nF/0603/CER/50V in \\Mac\Home\Documents\GitHub\ReboostV2-Hardware\ReboostV2_CAN.SchDoc with 10nF/0603/CER/50V from Reboostv2.SCHLIB
Replace Part C58 10uF/0805/CER/10V in \\Mac\Home\Documents\GitHub\ReboostV2-Hardware\ReboostV2_CAN.SchDoc with 10uF/0805/CER/10V from Reboostv2.SCHLIB
Replace Part C62 10uF/0805/CER/10V in \\Mac\Home\Documents\GitHub\ReboostV2-Hardware\ReboostV2_CAN.SchDoc with 10uF/0805/CER/10V from Reboostv2.SCHLIB
Replace Part D4 HMHA2801 in \\Mac\Home\Documents\GitHub\ReboostV2-Hardware\ReboostV2_CAN.SchDoc with HMHA2801 from Reboostv2.SCHLIB
Replace Part D8 SMAJ58A in \\Mac\Home\Documents\GitHub\ReboostV2-Hardware\ReboostV2_CAN.SchDoc with SMAJ58A from Reboostv2.SCHLIB
Replace Part J8 CMP-024-0003-1 in \\Mac\Home\Documents\GitHub\ReboostV2-Hardware\ReboostV2_CAN.SchDoc with CMP-024-0003-1 from Reboostv2.SCHLIB
Replace Part J9 CMP-024-0003-1 in \\Mac\Home\Documents\GitHub\ReboostV2-Hardware\ReboostV2_CAN.SchDoc with CMP-024-0003-1 from Reboostv2.SCHLIB
Replace Part L3 744043151 in \\Mac\Home\Documents\GitHub\ReboostV2-Hardware\ReboostV2_CAN.SchDoc with 744043151 from Reboostv2.SCHLIB
Replace Part L6 744235801 in \\Mac\Home\Documents\GitHub\ReboostV2-Hardware\ReboostV2_CAN.SchDoc with 744235801 from Reboostv2.SCHLIB
Replace Part MP3 9774020151 in \\Mac\Home\Documents\GitHub\ReboostV2-Hardware\ReboostV2_CAN.SchDoc with 9774020151 from Reboostv2.SCHLIB
Replace Part MP4 9774020151 in \\Mac\Home\Documents\GitHub\ReboostV2-Hardware\ReboostV2_CAN.SchDoc with 9774020151 from Reboostv2.SCHLIB
Replace Part MP5 9774020151 in \\Mac\Home\Documents\GitHub\ReboostV2-Hardware\ReboostV2_CAN.SchDoc with 9774020151 from Reboostv2.SCHLIB
Replace Part MP6 9774020151 in \\Mac\Home\Documents\GitHub\ReboostV2-Hardware\ReboostV2_CAN.SchDoc with 9774020151 from Reboostv2.SCHLIB
Replace Part R28 100K/0603/0063W/50V in \\Mac\Home\Documents\GitHub\ReboostV2-Hardware\ReboostV2_CAN.SchDoc with 100K/0603/0063W/50V from Reboostv2.SCHLIB
Replace Part R29 470/0603/0063W/50V in \\Mac\Home\Documents\GitHub\ReboostV2-Hardware\ReboostV2_CAN.SchDoc with 470/0603/0063W/50V from Reboostv2.SCHLIB
Replace Part R30 20K/0603/0063W/50V in \\Mac\Home\Documents\GitHub\ReboostV2-Hardware\ReboostV2_CAN.SchDoc with 20K/0603/0063W/50V from Reboostv2.SCHLIB
Replace Part R31 100/0603/0063W/50V in \\Mac\Home\Documents\GitHub\ReboostV2-Hardware\ReboostV2_CAN.SchDoc with 100/0603/0063W/50V from Reboostv2.SCHLIB
Replace Part U6 ISO1044 in \\Mac\Home\Documents\GitHub\ReboostV2-Hardware\ReboostV2_CAN.SchDoc with ISO1044 from Reboostv2.SCHLIB
Replace Part U7 LM5165X in \\Mac\Home\Documents\GitHub\ReboostV2-Hardware\ReboostV2_CAN.SchDoc with LM5165X from Reboostv2.SCHLIB
