Replace Part R? 0.005/2512/2000W/200V in \\Mac\Home\Documents\GitHub\ReboostV2-Hardware\Reboostv2.SCHLIB with 0.005/2512/2000W/200V from Reboostv2.SCHLIB
Replace Part R? 0/0603/0063W/50V in \\Mac\Home\Documents\GitHub\ReboostV2-Hardware\Reboostv2.SCHLIB with 0/0603/0063W/50V from Reboostv2.SCHLIB
Replace Part R? 1K/0603/0063W/50V in \\Mac\Home\Documents\GitHub\ReboostV2-Hardware\Reboostv2.SCHLIB with 1K/0603/0063W/50V from Reboostv2.SCHLIB
Replace Part C? 1nF/0603/CER/50V in \\Mac\Home\Documents\GitHub\ReboostV2-Hardware\Reboostv2.SCHLIB with 1nF/0603/CER/50V from Reboostv2.SCHLIB
Replace Part C? 1uF/1206/CER/100V in \\Mac\Home\Documents\GitHub\ReboostV2-Hardware\Reboostv2.SCHLIB with 1uF/1206/CER/100V from Reboostv2.SCHLIB
Replace Part C? 2.2uF/0603/CER/16V in \\Mac\Home\Documents\GitHub\ReboostV2-Hardware\Reboostv2.SCHLIB with 2.2uF/0603/CER/16V from Reboostv2.SCHLIB
Replace Part R? 2/0603/0100W/75V in \\Mac\Home\Documents\GitHub\ReboostV2-Hardware\Reboostv2.SCHLIB with 2/0603/0100W/75V from Reboostv2.SCHLIB
Replace Part C? 4.7uF/0805/CER/16V in \\Mac\Home\Documents\GitHub\ReboostV2-Hardware\Reboostv2.SCHLIB with 4.7uF/0805/CER/16V from Reboostv2.SCHLIB
Replace Part X? 7M-16.000MAAJ-T in \\Mac\Home\Documents\GitHub\ReboostV2-Hardware\Reboostv2.SCHLIB with 7M-16.000MAAJ-T from Reboostv2.SCHLIB
Replace Part R? 10K/0603/0063W/50V in \\Mac\Home\Documents\GitHub\ReboostV2-Hardware\Reboostv2.SCHLIB with 10K/0603/0063W/50V from Reboostv2.SCHLIB
Replace Part C? 10nF/0603/CER/50V in \\Mac\Home\Documents\GitHub\ReboostV2-Hardware\Reboostv2.SCHLIB with 10nF/0603/CER/50V from Reboostv2.SCHLIB
Replace Part C? 10uF/0805/CER/10V in \\Mac\Home\Documents\GitHub\ReboostV2-Hardware\Reboostv2.SCHLIB with 10uF/0805/CER/10V from Reboostv2.SCHLIB
Replace Part R? 12K/0603/0063W/50V in \\Mac\Home\Documents\GitHub\ReboostV2-Hardware\Reboostv2.SCHLIB with 12K/0603/0063W/50V from Reboostv2.SCHLIB
Replace Part C? 15pF/0603/CER/50V in \\Mac\Home\Documents\GitHub\ReboostV2-Hardware\Reboostv2.SCHLIB with 15pF/0603/CER/50V from Reboostv2.SCHLIB
Replace Part R? 20K/0603/0063W/50V in \\Mac\Home\Documents\GitHub\ReboostV2-Hardware\Reboostv2.SCHLIB with 20K/0603/0063W/50V from Reboostv2.SCHLIB
Replace Part F? 0031.8201 in \\Mac\Home\Documents\GitHub\ReboostV2-Hardware\Reboostv2.SCHLIB with 0031.8201 from Reboostv2.SCHLIB
Replace Part R? 47K/0603/0063W/50V_1 in \\Mac\Home\Documents\GitHub\ReboostV2-Hardware\Reboostv2.SCHLIB with 47K/0603/0063W/50V_1 from Reboostv2.SCHLIB
Replace Part U? 74LVC2G08 in \\Mac\Home\Documents\GitHub\ReboostV2-Hardware\Reboostv2.SCHLIB with 74LVC2G08 from Reboostv2.SCHLIB
Replace Part R? 100/0603/0063W/50V in \\Mac\Home\Documents\GitHub\ReboostV2-Hardware\Reboostv2.SCHLIB with 100/0603/0063W/50V from Reboostv2.SCHLIB
Replace Part R? 100K/0603/0063W/50V in \\Mac\Home\Documents\GitHub\ReboostV2-Hardware\Reboostv2.SCHLIB with 100K/0603/0063W/50V from Reboostv2.SCHLIB
Replace Part C? 100nF/0603/CER/50V in \\Mac\Home\Documents\GitHub\ReboostV2-Hardware\Reboostv2.SCHLIB with 100nF/0603/CER/50V from Reboostv2.SCHLIB
Replace Part C? 100nF/0805/CER/100V in \\Mac\Home\Documents\GitHub\ReboostV2-Hardware\Reboostv2.SCHLIB with 100nF/0805/CER/100V from Reboostv2.SCHLIB
Replace Part C? 100uF/ALU/100V in \\Mac\Home\Documents\GitHub\ReboostV2-Hardware\Reboostv2.SCHLIB with 100uF/ALU/100V from Reboostv2.SCHLIB
Replace Part R? 120K/0603/0063W/50V in \\Mac\Home\Documents\GitHub\ReboostV2-Hardware\Reboostv2.SCHLIB with 120K/0603/0063W/50V from Reboostv2.SCHLIB
Replace Part R? 130K/0603/0063W/50V in \\Mac\Home\Documents\GitHub\ReboostV2-Hardware\Reboostv2.SCHLIB with 130K/0603/0063W/50V from Reboostv2.SCHLIB
Replace Part R? 180K/0603/0063W/50V in \\Mac\Home\Documents\GitHub\ReboostV2-Hardware\Reboostv2.SCHLIB with 180K/0603/0063W/50V from Reboostv2.SCHLIB
Replace Part R? 200K/0603/0063W/50V in \\Mac\Home\Documents\GitHub\ReboostV2-Hardware\Reboostv2.SCHLIB with 200K/0603/0063W/50V from Reboostv2.SCHLIB
Replace Part R? 200K/0603/0100W/75V in \\Mac\Home\Documents\GitHub\ReboostV2-Hardware\Reboostv2.SCHLIB with 200K/0603/0100W/75V from Reboostv2.SCHLIB
Replace Part R? 330/0603/0063W/50V in \\Mac\Home\Documents\GitHub\ReboostV2-Hardware\Reboostv2.SCHLIB with 330/0603/0063W/50V from Reboostv2.SCHLIB
Replace Part R? 470/0603/0063W/50V in \\Mac\Home\Documents\GitHub\ReboostV2-Hardware\Reboostv2.SCHLIB with 470/0603/0063W/50V from Reboostv2.SCHLIB
Replace Part R? 470K/0603/0063W/50V in \\Mac\Home\Documents\GitHub\ReboostV2-Hardware\Reboostv2.SCHLIB with 470K/0603/0063W/50V from Reboostv2.SCHLIB
Replace Part R? 750K/0603/0063W/50V in \\Mac\Home\Documents\GitHub\ReboostV2-Hardware\Reboostv2.SCHLIB with 750K/0603/0063W/50V from Reboostv2.SCHLIB
Replace Part LED? 156120GS75300 in \\Mac\Home\Documents\GitHub\ReboostV2-Hardware\Reboostv2.SCHLIB with 156120GS75300 from Reboostv2.SCHLIB
Replace Part LED? 156120RS75300 in \\Mac\Home\Documents\GitHub\ReboostV2-Hardware\Reboostv2.SCHLIB with 156120RS75300 from Reboostv2.SCHLIB
Replace Part L? 744043151 in \\Mac\Home\Documents\GitHub\ReboostV2-Hardware\Reboostv2.SCHLIB with 744043151 from Reboostv2.SCHLIB
Replace Part L? 744231091 in \\Mac\Home\Documents\GitHub\ReboostV2-Hardware\Reboostv2.SCHLIB with 744231091 from Reboostv2.SCHLIB
Replace Part L? 744235801 in \\Mac\Home\Documents\GitHub\ReboostV2-Hardware\Reboostv2.SCHLIB with 744235801 from Reboostv2.SCHLIB
Replace Part L? 744710210 in \\Mac\Home\Documents\GitHub\ReboostV2-Hardware\Reboostv2.SCHLIB with 744710210 from Reboostv2.SCHLIB
Replace Part MP? 9774020151 in \\Mac\Home\Documents\GitHub\ReboostV2-Hardware\Reboostv2.SCHLIB with 9774020151 from Reboostv2.SCHLIB
Replace Part S? 418127270902 in \\Mac\Home\Documents\GitHub\ReboostV2-Hardware\Reboostv2.SCHLIB with 418127270902 from Reboostv2.SCHLIB
Replace Part S? 428527320916 in \\Mac\Home\Documents\GitHub\ReboostV2-Hardware\Reboostv2.SCHLIB with 428527320916 from Reboostv2.SCHLIB
Replace Part L? 74437429203680 in \\Mac\Home\Documents\GitHub\ReboostV2-Hardware\Reboostv2.SCHLIB with 74437429203680 from Reboostv2.SCHLIB
Replace Part J? CMP-024-0003-1 in \\Mac\Home\Documents\GitHub\ReboostV2-Hardware\Reboostv2.SCHLIB with CMP-024-0003-1 from Reboostv2.SCHLIB
Replace Part U? CP2104-F03-GM in \\Mac\Home\Documents\GitHub\ReboostV2-Hardware\Reboostv2.SCHLIB with CP2104-F03-GM from Reboostv2.SCHLIB
Replace Part Q? GS61008T in \\Mac\Home\Documents\GitHub\ReboostV2-Hardware\Reboostv2.SCHLIB with GS61008T from Reboostv2.SCHLIB
Replace Part D? HMHA2801 in \\Mac\Home\Documents\GitHub\ReboostV2-Hardware\Reboostv2.SCHLIB with HMHA2801 from Reboostv2.SCHLIB
Replace Part U? ISO1044 in \\Mac\Home\Documents\GitHub\ReboostV2-Hardware\Reboostv2.SCHLIB with ISO1044 from Reboostv2.SCHLIB
Replace Part U? LM5165X in \\Mac\Home\Documents\GitHub\ReboostV2-Hardware\Reboostv2.SCHLIB with LM5165X from Reboostv2.SCHLIB
Replace Part U? LM5165Y in \\Mac\Home\Documents\GitHub\ReboostV2-Hardware\Reboostv2.SCHLIB with LM5165Y from Reboostv2.SCHLIB
Replace Part U? LP2985AIM5-3.3 in \\Mac\Home\Documents\GitHub\ReboostV2-Hardware\Reboostv2.SCHLIB with LP2985AIM5-3.3 from Reboostv2.SCHLIB
Replace Part U? LTC3639EMSE in \\Mac\Home\Documents\GitHub\ReboostV2-Hardware\Reboostv2.SCHLIB with LTC3639EMSE from Reboostv2.SCHLIB
Replace Part U? LTC6362HMS8 in \\Mac\Home\Documents\GitHub\ReboostV2-Hardware\Reboostv2.SCHLIB with LTC6362HMS8 from Reboostv2.SCHLIB
Replace Part Q? MMBT5401LT1G in \\Mac\Home\Documents\GitHub\ReboostV2-Hardware\Reboostv2.SCHLIB with MMBT5401LT1G from Reboostv2.SCHLIB
Replace Part D? MMSD701T1G in \\Mac\Home\Documents\GitHub\ReboostV2-Hardware\Reboostv2.SCHLIB with MMSD701T1G from Reboostv2.SCHLIB
Replace Part R? NTCS0805E4104JMT in \\Mac\Home\Documents\GitHub\ReboostV2-Hardware\Reboostv2.SCHLIB with NTCS0805E4104JMT from Reboostv2.SCHLIB
Replace Part J? PC 4/4-G-7,62_1 in \\Mac\Home\Documents\GitHub\ReboostV2-Hardware\Reboostv2.SCHLIB with PC 4/4-G-7,62_1 from Reboostv2.SCHLIB
Replace Part U? Si8273ABIM1 in \\Mac\Home\Documents\GitHub\ReboostV2-Hardware\Reboostv2.SCHLIB with Si8273ABIM1 from Reboostv2.SCHLIB
Replace Part D? SMAJ58A in \\Mac\Home\Documents\GitHub\ReboostV2-Hardware\Reboostv2.SCHLIB with SMAJ58A from Reboostv2.SCHLIB
Replace Part D? SP0502BAHTG in \\Mac\Home\Documents\GitHub\ReboostV2-Hardware\Reboostv2.SCHLIB with SP0502BAHTG from Reboostv2.SCHLIB
Replace Part D? SS110L in \\Mac\Home\Documents\GitHub\ReboostV2-Hardware\Reboostv2.SCHLIB with SS110L from Reboostv2.SCHLIB
Replace Part U? STM32G474CEU6 in \\Mac\Home\Documents\GitHub\ReboostV2-Hardware\Reboostv2.SCHLIB with STM32G474CEU6 from Reboostv2.SCHLIB
Replace Part J? TC2030-IDC in \\Mac\Home\Documents\GitHub\ReboostV2-Hardware\Reboostv2.SCHLIB with TC2030-IDC from Reboostv2.SCHLIB
Replace Part U? TPS7A2501DRVT in \\Mac\Home\Documents\GitHub\ReboostV2-Hardware\Reboostv2.SCHLIB with TPS7A2501DRVT from Reboostv2.SCHLIB
Replace Part J? WE-651005136421 in \\Mac\Home\Documents\GitHub\ReboostV2-Hardware\Reboostv2.SCHLIB with WE-651005136421 from Reboostv2.SCHLIB
