Replace Part C9 100nF/0603/CER/50V in \\Mac\Home\Documents\GitHub\ReboostV2-Hardware\ReboostV2_MC.SchDoc with 100nF/0603/CER/50V from Reboostv2.SCHLIB
Replace Part C10 15pF/0603/CER/50V in \\Mac\Home\Documents\GitHub\ReboostV2-Hardware\ReboostV2_MC.SchDoc with 15pF/0603/CER/50V from Reboostv2.SCHLIB
Replace Part C11 15pF/0603/CER/50V in \\Mac\Home\Documents\GitHub\ReboostV2-Hardware\ReboostV2_MC.SchDoc with 15pF/0603/CER/50V from Reboostv2.SCHLIB
Replace Part C12 2.2uF/0603/CER/16V in \\Mac\Home\Documents\GitHub\ReboostV2-Hardware\ReboostV2_MC.SchDoc with 2.2uF/0603/CER/16V from Reboostv2.SCHLIB
Replace Part C13 100nF/0603/CER/50V in \\Mac\Home\Documents\GitHub\ReboostV2-Hardware\ReboostV2_MC.SchDoc with 100nF/0603/CER/50V from Reboostv2.SCHLIB
Replace Part C14 2.2uF/0603/CER/16V in \\Mac\Home\Documents\GitHub\ReboostV2-Hardware\ReboostV2_MC.SchDoc with 2.2uF/0603/CER/16V from Reboostv2.SCHLIB
Replace Part C15 100nF/0603/CER/50V in \\Mac\Home\Documents\GitHub\ReboostV2-Hardware\ReboostV2_MC.SchDoc with 100nF/0603/CER/50V from Reboostv2.SCHLIB
Replace Part C16 100nF/0603/CER/50V in \\Mac\Home\Documents\GitHub\ReboostV2-Hardware\ReboostV2_MC.SchDoc with 100nF/0603/CER/50V from Reboostv2.SCHLIB
Replace Part C17 100nF/0603/CER/50V in \\Mac\Home\Documents\GitHub\ReboostV2-Hardware\ReboostV2_MC.SchDoc with 100nF/0603/CER/50V from Reboostv2.SCHLIB
Replace Part C18 100nF/0603/CER/50V in \\Mac\Home\Documents\GitHub\ReboostV2-Hardware\ReboostV2_MC.SchDoc with 100nF/0603/CER/50V from Reboostv2.SCHLIB
Replace Part C19 2.2uF/0603/CER/16V in \\Mac\Home\Documents\GitHub\ReboostV2-Hardware\ReboostV2_MC.SchDoc with 2.2uF/0603/CER/16V from Reboostv2.SCHLIB
Replace Part J4 TC2030-IDC in \\Mac\Home\Documents\GitHub\ReboostV2-Hardware\ReboostV2_MC.SchDoc with TC2030-IDC from Reboostv2.SCHLIB
Replace Part R14 10K/0603/0063W/50V in \\Mac\Home\Documents\GitHub\ReboostV2-Hardware\ReboostV2_MC.SchDoc with 10K/0603/0063W/50V from Reboostv2.SCHLIB
Replace Part R15 10K/0603/0063W/50V in \\Mac\Home\Documents\GitHub\ReboostV2-Hardware\ReboostV2_MC.SchDoc with 10K/0603/0063W/50V from Reboostv2.SCHLIB
Replace Part R16 10K/0603/0063W/50V in \\Mac\Home\Documents\GitHub\ReboostV2-Hardware\ReboostV2_MC.SchDoc with 10K/0603/0063W/50V from Reboostv2.SCHLIB
Replace Part R17 10K/0603/0063W/50V in \\Mac\Home\Documents\GitHub\ReboostV2-Hardware\ReboostV2_MC.SchDoc with 10K/0603/0063W/50V from Reboostv2.SCHLIB
Replace Part S2 428527320916 in \\Mac\Home\Documents\GitHub\ReboostV2-Hardware\ReboostV2_MC.SchDoc with 428527320916 from Reboostv2.SCHLIB
Replace Part U3 STM32G474CEU6 in \\Mac\Home\Documents\GitHub\ReboostV2-Hardware\ReboostV2_MC.SchDoc with STM32G474CEU6 from Reboostv2.SCHLIB
Replace Part U4 74LVC2G08 in \\Mac\Home\Documents\GitHub\ReboostV2-Hardware\ReboostV2_MC.SchDoc with 74LVC2G08 from Reboostv2.SCHLIB
Replace Part U4 74LVC2G08 in \\Mac\Home\Documents\GitHub\ReboostV2-Hardware\ReboostV2_MC.SchDoc with 74LVC2G08 from Reboostv2.SCHLIB
Replace Part U4 74LVC2G08 in \\Mac\Home\Documents\GitHub\ReboostV2-Hardware\ReboostV2_MC.SchDoc with 74LVC2G08 from Reboostv2.SCHLIB
Replace Part X1 7M-16.000MAAJ-T in \\Mac\Home\Documents\GitHub\ReboostV2-Hardware\ReboostV2_MC.SchDoc with 7M-16.000MAAJ-T from Reboostv2.SCHLIB
